[INFO] Scanning for projects...
[INFO]                                                                         
[INFO] ------------------------------------------------------------------------
[INFO] Building OGC Catalogue 3.0 Conformance Test Suite 1.1-SNAPSHOT
[INFO] ------------------------------------------------------------------------
[INFO] 
[INFO] --- maven-clean-plugin:2.5:clean (default-clean) @ ets-cat30 ---
[INFO] Deleting /Users/lbermudez/Documents/Dropbox/github/ets-cat30/target
[INFO] 
[INFO] --- buildnumber-maven-plugin:1.3:create (default) @ ets-cat30 ---
[INFO] ShortRevision tag detected. The value is '10'.
[INFO] Executing: /bin/sh -c cd /Users/lbermudez/Documents/Dropbox/github/ets-cat30 && git rev-parse --verify --short=10 HEAD
[INFO] Working directory: /Users/lbermudez/Documents/Dropbox/github/ets-cat30
[INFO] Storing buildNumber: d1d52c319d at timestamp: 1483647478882
[INFO] Storing buildScmBranch: master
[INFO] 
[INFO] --- maven-resources-plugin:2.6:resources (default-resources) @ ets-cat30 ---
[INFO] Using 'UTF-8' encoding to copy filtered resources.
[INFO] Copying 29 resources
[INFO] Copying 2 resources to doc/cat30/1.1-SNAPSHOT
[INFO] 
[INFO] --- maven-compiler-plugin:3.3:compile (default-compile) @ ets-cat30 ---
[INFO] Changes detected - recompiling the module!
[INFO] Compiling 40 source files to /Users/lbermudez/Documents/Dropbox/github/ets-cat30/target/classes
[INFO] /Users/lbermudez/Documents/Dropbox/github/ets-cat30/src/main/java/org/opengis/cite/cat30/util/OpenSearchTemplateUtils.java: /Users/lbermudez/Documents/Dropbox/github/ets-cat30/src/main/java/org/opengis/cite/cat30/util/OpenSearchTemplateUtils.java uses unchecked or unsafe operations.
[INFO] /Users/lbermudez/Documents/Dropbox/github/ets-cat30/src/main/java/org/opengis/cite/cat30/util/OpenSearchTemplateUtils.java: Recompile with -Xlint:unchecked for details.
[INFO] 
[INFO] --- maven-resources-plugin:2.6:testResources (default-testResources) @ ets-cat30 ---
[INFO] Using 'UTF-8' encoding to copy filtered resources.
[INFO] Copying 24 resources
[INFO] 
[INFO] --- maven-compiler-plugin:3.3:testCompile (default-testCompile) @ ets-cat30 ---
[INFO] Changes detected - recompiling the module!
[INFO] Compiling 19 source files to /Users/lbermudez/Documents/Dropbox/github/ets-cat30/target/test-classes
[INFO] /Users/lbermudez/Documents/Dropbox/github/ets-cat30/src/test/java/org/opengis/cite/cat30/basic/VerifyGetRecordByIdTests.java: Some input files use unchecked or unsafe operations.
[INFO] /Users/lbermudez/Documents/Dropbox/github/ets-cat30/src/test/java/org/opengis/cite/cat30/basic/VerifyGetRecordByIdTests.java: Recompile with -Xlint:unchecked for details.
[INFO] 
[INFO] --- maven-surefire-plugin:2.18.1:test (default-test) @ ets-cat30 ---
[INFO] Surefire report directory: /Users/lbermudez/Documents/Dropbox/github/ets-cat30/target/surefire-reports

-------------------------------------------------------
 T E S T S
-------------------------------------------------------
Running org.opengis.cite.cat30.basic.VerifyBasicSearchTests
Jan 05, 2017 3:18:02 PM org.geotoolkit.referencing.factory.epsg.ThreadedEpsgFactory createBackingStore
INFO: Connected to EPSG database “jdbc:derby:/Users/lbermudez/Library/Geotoolkit.org/EPSG/7.09” on “Apache Derby”.
Tests run: 3, Failures: 0, Errors: 0, Skipped: 0, Time elapsed: 2.275 sec - in org.opengis.cite.cat30.basic.VerifyBasicSearchTests
Running org.opengis.cite.cat30.basic.VerifyGetCapabilitiesTests
Tests run: 1, Failures: 0, Errors: 0, Skipped: 0, Time elapsed: 0.277 sec - in org.opengis.cite.cat30.basic.VerifyGetCapabilitiesTests
Running org.opengis.cite.cat30.basic.VerifyGetRecordByIdTests
Tests run: 1, Failures: 0, Errors: 0, Skipped: 0, Time elapsed: 0.241 sec - in org.opengis.cite.cat30.basic.VerifyGetRecordByIdTests
Running org.opengis.cite.cat30.basic.VerifyPreconditions
Tests run: 1, Failures: 0, Errors: 0, Skipped: 0, Time elapsed: 0.001 sec - in org.opengis.cite.cat30.basic.VerifyPreconditions
Running org.opengis.cite.cat30.opensearch.VerifyOpenSearchCoreTests
Tests run: 3, Failures: 0, Errors: 0, Skipped: 1, Time elapsed: 0.661 sec - in org.opengis.cite.cat30.opensearch.VerifyOpenSearchCoreTests
Running org.opengis.cite.cat30.opensearch.VerifyOpenSearchGeoTests
Tests run: 2, Failures: 0, Errors: 0, Skipped: 0, Time elapsed: 0.089 sec - in org.opengis.cite.cat30.opensearch.VerifyOpenSearchGeoTests
Running org.opengis.cite.cat30.opensearch.VerifyOpenSearchPreconditions
Tests run: 2, Failures: 0, Errors: 0, Skipped: 0, Time elapsed: 0.108 sec - in org.opengis.cite.cat30.opensearch.VerifyOpenSearchPreconditions
Running org.opengis.cite.cat30.util.VerifyCSWClient
Tests run: 1, Failures: 0, Errors: 0, Skipped: 1, Time elapsed: 0.001 sec - in org.opengis.cite.cat30.util.VerifyCSWClient
Running org.opengis.cite.cat30.util.VerifyDatasetInfo
Tests run: 3, Failures: 0, Errors: 0, Skipped: 0, Time elapsed: 0.02 sec - in org.opengis.cite.cat30.util.VerifyDatasetInfo
Running org.opengis.cite.cat30.util.VerifyOpenSearchTemplateUtils
Tests run: 2, Failures: 0, Errors: 0, Skipped: 0, Time elapsed: 0.003 sec - in org.opengis.cite.cat30.util.VerifyOpenSearchTemplateUtils
Running org.opengis.cite.cat30.util.VerifyRecords
Tests run: 2, Failures: 0, Errors: 0, Skipped: 0, Time elapsed: 0.004 sec - in org.opengis.cite.cat30.util.VerifyRecords
Running org.opengis.cite.cat30.util.VerifyServiceMetadataUtils
Tests run: 4, Failures: 0, Errors: 0, Skipped: 0, Time elapsed: 0.028 sec - in org.opengis.cite.cat30.util.VerifyServiceMetadataUtils
Running org.opengis.cite.cat30.util.VerifySpatialUtils
Tests run: 4, Failures: 0, Errors: 0, Skipped: 0, Time elapsed: 0.003 sec - in org.opengis.cite.cat30.util.VerifySpatialUtils
Running org.opengis.cite.cat30.util.VerifyURIUtils
Tests run: 5, Failures: 0, Errors: 0, Skipped: 2, Time elapsed: 0.012 sec - in org.opengis.cite.cat30.util.VerifyURIUtils
Running org.opengis.cite.cat30.util.VerifyValidationUtils
Tests run: 4, Failures: 0, Errors: 0, Skipped: 0, Time elapsed: 0.199 sec - in org.opengis.cite.cat30.util.VerifyValidationUtils
Running org.opengis.cite.cat30.util.VerifyXMLUtils
Tests run: 10, Failures: 0, Errors: 0, Skipped: 0, Time elapsed: 0.035 sec - in org.opengis.cite.cat30.util.VerifyXMLUtils
Running org.opengis.cite.cat30.VerifyETSAssert
Tests run: 7, Failures: 0, Errors: 0, Skipped: 0, Time elapsed: 0.01 sec - in org.opengis.cite.cat30.VerifyETSAssert
Running org.opengis.cite.cat30.VerifySuiteFixtureListener
Tests run: 2, Failures: 0, Errors: 0, Skipped: 0, Time elapsed: 0.122 sec - in org.opengis.cite.cat30.VerifySuiteFixtureListener
Running org.opengis.cite.cat30.VerifyTestNGController
Jan 05, 2017 3:18:05 PM com.sun.jersey.api.client.filter.LoggingFilter log
INFO: 1 * Client out-bound request
1 > GET ?request=GetRecords&maxRecords=20&typeNames=Record&service=CSW&elementSetName=full&version=3.0.0
1 > Accept: application/xml

Tests run: 1, Failures: 0, Errors: 0, Skipped: 0, Time elapsed: 0.461 sec - in org.opengis.cite.cat30.VerifyTestNGController

Results :

Tests run: 58, Failures: 0, Errors: 0, Skipped: 4

[INFO] 
[INFO] --- maven-site-plugin:3.4:jar (site-package) @ ets-cat30 ---
[INFO] configuring report plugin org.apache.maven.plugins:maven-project-info-reports-plugin:2.8
[INFO] configuring report plugin org.apache.maven.plugins:maven-javadoc-plugin:2.10.2
[INFO] preparing 'javadoc' report requires 'generate-sources' forked phase execution
[INFO] 
[INFO] >>> maven-javadoc-plugin:2.10.2:javadoc > generate-sources @ ets-cat30 >>>
[INFO] 
[INFO] --- buildnumber-maven-plugin:1.3:create (default) @ ets-cat30 ---
[INFO] ShortRevision tag detected. The value is '10'.
[INFO] Executing: /bin/sh -c cd /Users/lbermudez/Documents/Dropbox/github/ets-cat30 && git rev-parse --verify --short=10 HEAD
[INFO] Working directory: /Users/lbermudez/Documents/Dropbox/github/ets-cat30
[INFO] Storing buildNumber: d1d52c319d at timestamp: 1483647487305
[INFO] Storing buildScmBranch: master
[INFO] 
[INFO] <<< maven-javadoc-plugin:2.10.2:javadoc < generate-sources @ ets-cat30 <<<
[INFO] Parent project loaded from repository: org.opengis.cite:ets-common:pom:4
[INFO] Rendering site with org.apache.maven.skins:maven-fluido-skin:jar:1.3.1 skin.
[INFO] Rendering 2 Doxia documents: 2 markdown
[INFO] Generating "Project License" report      --- maven-project-info-reports-plugin:2.8:license
[INFO] Generating "Issue Tracking" report       --- maven-project-info-reports-plugin:2.8:issue-tracking
[INFO] Generating "JavaDocs" report             --- maven-javadoc-plugin:2.10.2:javadoc
[INFO] 
Loading source files for package org.opengis.cite.cat30.basic...
Loading source files for package org.opengis.cite.cat30...
Loading source files for package org.opengis.cite.cat30.opensearch...
Loading source files for package org.opengis.cite.cat30.util...
Constructing Javadoc information...
Standard Doclet version 1.8.0_73
Building tree for all the packages and classes...
Generating /Users/lbermudez/Documents/Dropbox/github/ets-cat30/target/site/apidocs/org/opengis/cite/cat30/basic/BasicGetRecordsTests.html...
Generating /Users/lbermudez/Documents/Dropbox/github/ets-cat30/target/site/apidocs/org/opengis/cite/cat30/basic/BasicSearchTests.html...
Generating /Users/lbermudez/Documents/Dropbox/github/ets-cat30/target/site/apidocs/org/opengis/cite/cat30/basic/GetCapabilitiesTests.html...
Generating /Users/lbermudez/Documents/Dropbox/github/ets-cat30/target/site/apidocs/org/opengis/cite/cat30/basic/GetRecordByIdTests.html...
Generating /Users/lbermudez/Documents/Dropbox/github/ets-cat30/target/site/apidocs/org/opengis/cite/cat30/basic/SuitePreconditions.html...
Generating /Users/lbermudez/Documents/Dropbox/github/ets-cat30/target/site/apidocs/org/opengis/cite/cat30/CAT3.html...
Generating /Users/lbermudez/Documents/Dropbox/github/ets-cat30/target/site/apidocs/org/opengis/cite/cat30/CommonFixture.html...
Generating /Users/lbermudez/Documents/Dropbox/github/ets-cat30/target/site/apidocs/org/opengis/cite/cat30/ErrorMessage.html...
Generating /Users/lbermudez/Documents/Dropbox/github/ets-cat30/target/site/apidocs/org/opengis/cite/cat30/ErrorMessageKeys.html...
Generating /Users/lbermudez/Documents/Dropbox/github/ets-cat30/target/site/apidocs/org/opengis/cite/cat30/ETSAssert.html...
Generating /Users/lbermudez/Documents/Dropbox/github/ets-cat30/target/site/apidocs/org/opengis/cite/cat30/Namespaces.html...
Generating /Users/lbermudez/Documents/Dropbox/github/ets-cat30/target/site/apidocs/org/opengis/cite/cat30/ReusableEntityFilter.html...
Generating /Users/lbermudez/Documents/Dropbox/github/ets-cat30/target/site/apidocs/org/opengis/cite/cat30/SuiteAttribute.html...
Generating /Users/lbermudez/Documents/Dropbox/github/ets-cat30/target/site/apidocs/org/opengis/cite/cat30/SuiteFixtureListener.html...
Generating /Users/lbermudez/Documents/Dropbox/github/ets-cat30/target/site/apidocs/org/opengis/cite/cat30/TestFailureListener.html...
Generating /Users/lbermudez/Documents/Dropbox/github/ets-cat30/target/site/apidocs/org/opengis/cite/cat30/TestNGController.html...
Generating /Users/lbermudez/Documents/Dropbox/github/ets-cat30/target/site/apidocs/org/opengis/cite/cat30/TestRunArg.html...
Generating /Users/lbermudez/Documents/Dropbox/github/ets-cat30/target/site/apidocs/org/opengis/cite/cat30/TestRunArguments.html...
Generating /Users/lbermudez/Documents/Dropbox/github/ets-cat30/target/site/apidocs/org/opengis/cite/cat30/TestRunListener.html...
Generating /Users/lbermudez/Documents/Dropbox/github/ets-cat30/target/site/apidocs/org/opengis/cite/cat30/opensearch/OpenSearchCoreTests.html...
Generating /Users/lbermudez/Documents/Dropbox/github/ets-cat30/target/site/apidocs/org/opengis/cite/cat30/opensearch/OpenSearchDescriptionTests.html...
Generating /Users/lbermudez/Documents/Dropbox/github/ets-cat30/target/site/apidocs/org/opengis/cite/cat30/opensearch/OpenSearchGeoTests.html...
Generating /Users/lbermudez/Documents/Dropbox/github/ets-cat30/target/site/apidocs/org/opengis/cite/cat30/opensearch/OpenSearchPreconditions.html...
Generating /Users/lbermudez/Documents/Dropbox/github/ets-cat30/target/site/apidocs/org/opengis/cite/cat30/opensearch/TemplateParamInfo.html...
Generating /Users/lbermudez/Documents/Dropbox/github/ets-cat30/target/site/apidocs/org/opengis/cite/cat30/util/ClientUtils.html...
Generating /Users/lbermudez/Documents/Dropbox/github/ets-cat30/target/site/apidocs/org/opengis/cite/cat30/util/CSWClient.html...
Generating /Users/lbermudez/Documents/Dropbox/github/ets-cat30/target/site/apidocs/org/opengis/cite/cat30/util/DatasetInfo.html...
Generating /Users/lbermudez/Documents/Dropbox/github/ets-cat30/target/site/apidocs/org/opengis/cite/cat30/util/NamespaceBindings.html...
Generating /Users/lbermudez/Documents/Dropbox/github/ets-cat30/target/site/apidocs/org/opengis/cite/cat30/util/OpenSearchTemplateUtils.html...
Generating /Users/lbermudez/Documents/Dropbox/github/ets-cat30/target/site/apidocs/org/opengis/cite/cat30/util/Records.html...
Generating /Users/lbermudez/Documents/Dropbox/github/ets-cat30/target/site/apidocs/org/opengis/cite/cat30/util/ServiceMetadataUtils.html...
Generating /Users/lbermudez/Documents/Dropbox/github/ets-cat30/target/site/apidocs/org/opengis/cite/cat30/util/SpatialUtils.html...
Generating /Users/lbermudez/Documents/Dropbox/github/ets-cat30/target/site/apidocs/org/opengis/cite/cat30/util/TestSuiteLogger.html...
Generating /Users/lbermudez/Documents/Dropbox/github/ets-cat30/target/site/apidocs/org/opengis/cite/cat30/util/URIUtils.html...
Generating /Users/lbermudez/Documents/Dropbox/github/ets-cat30/target/site/apidocs/org/opengis/cite/cat30/util/ValidationUtils.html...
Generating /Users/lbermudez/Documents/Dropbox/github/ets-cat30/target/site/apidocs/org/opengis/cite/cat30/util/XMLUtils.html...
Generating /Users/lbermudez/Documents/Dropbox/github/ets-cat30/target/site/apidocs/overview-frame.html...
Generating /Users/lbermudez/Documents/Dropbox/github/ets-cat30/target/site/apidocs/org/opengis/cite/cat30/package-frame.html...
Generating /Users/lbermudez/Documents/Dropbox/github/ets-cat30/target/site/apidocs/org/opengis/cite/cat30/package-summary.html...
Generating /Users/lbermudez/Documents/Dropbox/github/ets-cat30/target/site/apidocs/org/opengis/cite/cat30/package-tree.html...
Generating /Users/lbermudez/Documents/Dropbox/github/ets-cat30/target/site/apidocs/org/opengis/cite/cat30/basic/package-frame.html...
Generating /Users/lbermudez/Documents/Dropbox/github/ets-cat30/target/site/apidocs/org/opengis/cite/cat30/basic/package-summary.html...
Generating /Users/lbermudez/Documents/Dropbox/github/ets-cat30/target/site/apidocs/org/opengis/cite/cat30/basic/package-tree.html...
Generating /Users/lbermudez/Documents/Dropbox/github/ets-cat30/target/site/apidocs/org/opengis/cite/cat30/opensearch/package-frame.html...
Generating /Users/lbermudez/Documents/Dropbox/github/ets-cat30/target/site/apidocs/org/opengis/cite/cat30/opensearch/package-summary.html...
Generating /Users/lbermudez/Documents/Dropbox/github/ets-cat30/target/site/apidocs/org/opengis/cite/cat30/opensearch/package-tree.html...
Generating /Users/lbermudez/Documents/Dropbox/github/ets-cat30/target/site/apidocs/org/opengis/cite/cat30/util/package-frame.html...
Generating /Users/lbermudez/Documents/Dropbox/github/ets-cat30/target/site/apidocs/org/opengis/cite/cat30/util/package-summary.html...
Generating /Users/lbermudez/Documents/Dropbox/github/ets-cat30/target/site/apidocs/org/opengis/cite/cat30/util/package-tree.html...
Generating /Users/lbermudez/Documents/Dropbox/github/ets-cat30/target/site/apidocs/constant-values.html...
Generating /Users/lbermudez/Documents/Dropbox/github/ets-cat30/target/site/apidocs/org/opengis/cite/cat30/basic/class-use/SuitePreconditions.html...
Generating /Users/lbermudez/Documents/Dropbox/github/ets-cat30/target/site/apidocs/org/opengis/cite/cat30/basic/class-use/GetRecordByIdTests.html...
Generating /Users/lbermudez/Documents/Dropbox/github/ets-cat30/target/site/apidocs/org/opengis/cite/cat30/basic/class-use/GetCapabilitiesTests.html...
Generating /Users/lbermudez/Documents/Dropbox/github/ets-cat30/target/site/apidocs/org/opengis/cite/cat30/basic/class-use/BasicSearchTests.html...
Generating /Users/lbermudez/Documents/Dropbox/github/ets-cat30/target/site/apidocs/org/opengis/cite/cat30/basic/class-use/BasicGetRecordsTests.html...
Generating /Users/lbermudez/Documents/Dropbox/github/ets-cat30/target/site/apidocs/org/opengis/cite/cat30/class-use/TestRunListener.html...
Generating /Users/lbermudez/Documents/Dropbox/github/ets-cat30/target/site/apidocs/org/opengis/cite/cat30/class-use/TestRunArguments.html...
Generating /Users/lbermudez/Documents/Dropbox/github/ets-cat30/target/site/apidocs/org/opengis/cite/cat30/class-use/TestRunArg.html...
Generating /Users/lbermudez/Documents/Dropbox/github/ets-cat30/target/site/apidocs/org/opengis/cite/cat30/class-use/TestNGController.html...
Generating /Users/lbermudez/Documents/Dropbox/github/ets-cat30/target/site/apidocs/org/opengis/cite/cat30/class-use/TestFailureListener.html...
Generating /Users/lbermudez/Documents/Dropbox/github/ets-cat30/target/site/apidocs/org/opengis/cite/cat30/class-use/SuiteFixtureListener.html...
Generating /Users/lbermudez/Documents/Dropbox/github/ets-cat30/target/site/apidocs/org/opengis/cite/cat30/class-use/SuiteAttribute.html...
Generating /Users/lbermudez/Documents/Dropbox/github/ets-cat30/target/site/apidocs/org/opengis/cite/cat30/class-use/ReusableEntityFilter.html...
Generating /Users/lbermudez/Documents/Dropbox/github/ets-cat30/target/site/apidocs/org/opengis/cite/cat30/class-use/Namespaces.html...
Generating /Users/lbermudez/Documents/Dropbox/github/ets-cat30/target/site/apidocs/org/opengis/cite/cat30/class-use/ETSAssert.html...
Generating /Users/lbermudez/Documents/Dropbox/github/ets-cat30/target/site/apidocs/org/opengis/cite/cat30/class-use/ErrorMessageKeys.html...
Generating /Users/lbermudez/Documents/Dropbox/github/ets-cat30/target/site/apidocs/org/opengis/cite/cat30/class-use/ErrorMessage.html...
Generating /Users/lbermudez/Documents/Dropbox/github/ets-cat30/target/site/apidocs/org/opengis/cite/cat30/class-use/CommonFixture.html...
Generating /Users/lbermudez/Documents/Dropbox/github/ets-cat30/target/site/apidocs/org/opengis/cite/cat30/class-use/CAT3.html...
Generating /Users/lbermudez/Documents/Dropbox/github/ets-cat30/target/site/apidocs/org/opengis/cite/cat30/opensearch/class-use/TemplateParamInfo.html...
Generating /Users/lbermudez/Documents/Dropbox/github/ets-cat30/target/site/apidocs/org/opengis/cite/cat30/opensearch/class-use/OpenSearchPreconditions.html...
Generating /Users/lbermudez/Documents/Dropbox/github/ets-cat30/target/site/apidocs/org/opengis/cite/cat30/opensearch/class-use/OpenSearchGeoTests.html...
Generating /Users/lbermudez/Documents/Dropbox/github/ets-cat30/target/site/apidocs/org/opengis/cite/cat30/opensearch/class-use/OpenSearchDescriptionTests.html...
Generating /Users/lbermudez/Documents/Dropbox/github/ets-cat30/target/site/apidocs/org/opengis/cite/cat30/opensearch/class-use/OpenSearchCoreTests.html...
Generating /Users/lbermudez/Documents/Dropbox/github/ets-cat30/target/site/apidocs/org/opengis/cite/cat30/util/class-use/XMLUtils.html...
Generating /Users/lbermudez/Documents/Dropbox/github/ets-cat30/target/site/apidocs/org/opengis/cite/cat30/util/class-use/ValidationUtils.html...
Generating /Users/lbermudez/Documents/Dropbox/github/ets-cat30/target/site/apidocs/org/opengis/cite/cat30/util/class-use/URIUtils.html...
Generating /Users/lbermudez/Documents/Dropbox/github/ets-cat30/target/site/apidocs/org/opengis/cite/cat30/util/class-use/TestSuiteLogger.html...
Generating /Users/lbermudez/Documents/Dropbox/github/ets-cat30/target/site/apidocs/org/opengis/cite/cat30/util/class-use/SpatialUtils.html...
Generating /Users/lbermudez/Documents/Dropbox/github/ets-cat30/target/site/apidocs/org/opengis/cite/cat30/util/class-use/ServiceMetadataUtils.html...
Generating /Users/lbermudez/Documents/Dropbox/github/ets-cat30/target/site/apidocs/org/opengis/cite/cat30/util/class-use/Records.html...
Generating /Users/lbermudez/Documents/Dropbox/github/ets-cat30/target/site/apidocs/org/opengis/cite/cat30/util/class-use/OpenSearchTemplateUtils.html...
Generating /Users/lbermudez/Documents/Dropbox/github/ets-cat30/target/site/apidocs/org/opengis/cite/cat30/util/class-use/NamespaceBindings.html...
Generating /Users/lbermudez/Documents/Dropbox/github/ets-cat30/target/site/apidocs/org/opengis/cite/cat30/util/class-use/DatasetInfo.html...
Generating /Users/lbermudez/Documents/Dropbox/github/ets-cat30/target/site/apidocs/org/opengis/cite/cat30/util/class-use/CSWClient.html...
Generating /Users/lbermudez/Documents/Dropbox/github/ets-cat30/target/site/apidocs/org/opengis/cite/cat30/util/class-use/ClientUtils.html...
Generating /Users/lbermudez/Documents/Dropbox/github/ets-cat30/target/site/apidocs/org/opengis/cite/cat30/package-use.html...
Generating /Users/lbermudez/Documents/Dropbox/github/ets-cat30/target/site/apidocs/org/opengis/cite/cat30/basic/package-use.html...
Generating /Users/lbermudez/Documents/Dropbox/github/ets-cat30/target/site/apidocs/org/opengis/cite/cat30/opensearch/package-use.html...
Generating /Users/lbermudez/Documents/Dropbox/github/ets-cat30/target/site/apidocs/org/opengis/cite/cat30/util/package-use.html...
Building index for all the packages and classes...
Generating /Users/lbermudez/Documents/Dropbox/github/ets-cat30/target/site/apidocs/overview-tree.html...
Generating /Users/lbermudez/Documents/Dropbox/github/ets-cat30/target/site/apidocs/index-all.html...
Generating /Users/lbermudez/Documents/Dropbox/github/ets-cat30/target/site/apidocs/deprecated-list.html...
Building index for all classes...
Generating /Users/lbermudez/Documents/Dropbox/github/ets-cat30/target/site/apidocs/allclasses-frame.html...
Generating /Users/lbermudez/Documents/Dropbox/github/ets-cat30/target/site/apidocs/allclasses-noframe.html...
Generating /Users/lbermudez/Documents/Dropbox/github/ets-cat30/target/site/apidocs/index.html...
Generating /Users/lbermudez/Documents/Dropbox/github/ets-cat30/target/site/apidocs/overview-summary.html...
Generating /Users/lbermudez/Documents/Dropbox/github/ets-cat30/target/site/apidocs/help-doc.html...
[INFO] Building jar: /Users/lbermudez/Documents/Dropbox/github/ets-cat30/target/ets-cat30-1.1-SNAPSHOT-site.jar
[INFO] 
[INFO] --- maven-jar-plugin:2.6:jar (default-jar) @ ets-cat30 ---
[INFO] Building jar: /Users/lbermudez/Documents/Dropbox/github/ets-cat30/target/ets-cat30-1.1-SNAPSHOT.jar
[INFO] 
[INFO] --- maven-javadoc-plugin:2.10.3:jar (attach-javadocs) @ ets-cat30 ---
[INFO] 
Loading source files for package org.opengis.cite.cat30.basic...
Loading source files for package org.opengis.cite.cat30...
Loading source files for package org.opengis.cite.cat30.opensearch...
Loading source files for package org.opengis.cite.cat30.util...
Constructing Javadoc information...
Standard Doclet version 1.8.0_73
Building tree for all the packages and classes...
Generating /Users/lbermudez/Documents/Dropbox/github/ets-cat30/target/apidocs/org/opengis/cite/cat30/basic/BasicGetRecordsTests.html...
Generating /Users/lbermudez/Documents/Dropbox/github/ets-cat30/target/apidocs/org/opengis/cite/cat30/basic/BasicSearchTests.html...
Generating /Users/lbermudez/Documents/Dropbox/github/ets-cat30/target/apidocs/org/opengis/cite/cat30/basic/GetCapabilitiesTests.html...
Generating /Users/lbermudez/Documents/Dropbox/github/ets-cat30/target/apidocs/org/opengis/cite/cat30/basic/GetRecordByIdTests.html...
Generating /Users/lbermudez/Documents/Dropbox/github/ets-cat30/target/apidocs/org/opengis/cite/cat30/basic/SuitePreconditions.html...
Generating /Users/lbermudez/Documents/Dropbox/github/ets-cat30/target/apidocs/org/opengis/cite/cat30/CAT3.html...
Generating /Users/lbermudez/Documents/Dropbox/github/ets-cat30/target/apidocs/org/opengis/cite/cat30/CommonFixture.html...
Generating /Users/lbermudez/Documents/Dropbox/github/ets-cat30/target/apidocs/org/opengis/cite/cat30/ErrorMessage.html...
Generating /Users/lbermudez/Documents/Dropbox/github/ets-cat30/target/apidocs/org/opengis/cite/cat30/ErrorMessageKeys.html...
Generating /Users/lbermudez/Documents/Dropbox/github/ets-cat30/target/apidocs/org/opengis/cite/cat30/ETSAssert.html...
Generating /Users/lbermudez/Documents/Dropbox/github/ets-cat30/target/apidocs/org/opengis/cite/cat30/Namespaces.html...
Generating /Users/lbermudez/Documents/Dropbox/github/ets-cat30/target/apidocs/org/opengis/cite/cat30/ReusableEntityFilter.html...
Generating /Users/lbermudez/Documents/Dropbox/github/ets-cat30/target/apidocs/org/opengis/cite/cat30/SuiteAttribute.html...
Generating /Users/lbermudez/Documents/Dropbox/github/ets-cat30/target/apidocs/org/opengis/cite/cat30/SuiteFixtureListener.html...
Generating /Users/lbermudez/Documents/Dropbox/github/ets-cat30/target/apidocs/org/opengis/cite/cat30/TestFailureListener.html...
Generating /Users/lbermudez/Documents/Dropbox/github/ets-cat30/target/apidocs/org/opengis/cite/cat30/TestNGController.html...
Generating /Users/lbermudez/Documents/Dropbox/github/ets-cat30/target/apidocs/org/opengis/cite/cat30/TestRunArg.html...
Generating /Users/lbermudez/Documents/Dropbox/github/ets-cat30/target/apidocs/org/opengis/cite/cat30/TestRunArguments.html...
Generating /Users/lbermudez/Documents/Dropbox/github/ets-cat30/target/apidocs/org/opengis/cite/cat30/TestRunListener.html...
Generating /Users/lbermudez/Documents/Dropbox/github/ets-cat30/target/apidocs/org/opengis/cite/cat30/opensearch/OpenSearchCoreTests.html...
Generating /Users/lbermudez/Documents/Dropbox/github/ets-cat30/target/apidocs/org/opengis/cite/cat30/opensearch/OpenSearchDescriptionTests.html...
Generating /Users/lbermudez/Documents/Dropbox/github/ets-cat30/target/apidocs/org/opengis/cite/cat30/opensearch/OpenSearchGeoTests.html...
Generating /Users/lbermudez/Documents/Dropbox/github/ets-cat30/target/apidocs/org/opengis/cite/cat30/opensearch/OpenSearchPreconditions.html...
Generating /Users/lbermudez/Documents/Dropbox/github/ets-cat30/target/apidocs/org/opengis/cite/cat30/opensearch/TemplateParamInfo.html...
Generating /Users/lbermudez/Documents/Dropbox/github/ets-cat30/target/apidocs/org/opengis/cite/cat30/util/ClientUtils.html...
Generating /Users/lbermudez/Documents/Dropbox/github/ets-cat30/target/apidocs/org/opengis/cite/cat30/util/CSWClient.html...
Generating /Users/lbermudez/Documents/Dropbox/github/ets-cat30/target/apidocs/org/opengis/cite/cat30/util/DatasetInfo.html...
Generating /Users/lbermudez/Documents/Dropbox/github/ets-cat30/target/apidocs/org/opengis/cite/cat30/util/NamespaceBindings.html...
Generating /Users/lbermudez/Documents/Dropbox/github/ets-cat30/target/apidocs/org/opengis/cite/cat30/util/OpenSearchTemplateUtils.html...
Generating /Users/lbermudez/Documents/Dropbox/github/ets-cat30/target/apidocs/org/opengis/cite/cat30/util/Records.html...
Generating /Users/lbermudez/Documents/Dropbox/github/ets-cat30/target/apidocs/org/opengis/cite/cat30/util/ServiceMetadataUtils.html...
Generating /Users/lbermudez/Documents/Dropbox/github/ets-cat30/target/apidocs/org/opengis/cite/cat30/util/SpatialUtils.html...
Generating /Users/lbermudez/Documents/Dropbox/github/ets-cat30/target/apidocs/org/opengis/cite/cat30/util/TestSuiteLogger.html...
Generating /Users/lbermudez/Documents/Dropbox/github/ets-cat30/target/apidocs/org/opengis/cite/cat30/util/URIUtils.html...
Generating /Users/lbermudez/Documents/Dropbox/github/ets-cat30/target/apidocs/org/opengis/cite/cat30/util/ValidationUtils.html...
Generating /Users/lbermudez/Documents/Dropbox/github/ets-cat30/target/apidocs/org/opengis/cite/cat30/util/XMLUtils.html...
Generating /Users/lbermudez/Documents/Dropbox/github/ets-cat30/target/apidocs/overview-frame.html...
Generating /Users/lbermudez/Documents/Dropbox/github/ets-cat30/target/apidocs/org/opengis/cite/cat30/package-frame.html...
Generating /Users/lbermudez/Documents/Dropbox/github/ets-cat30/target/apidocs/org/opengis/cite/cat30/package-summary.html...
Generating /Users/lbermudez/Documents/Dropbox/github/ets-cat30/target/apidocs/org/opengis/cite/cat30/package-tree.html...
Generating /Users/lbermudez/Documents/Dropbox/github/ets-cat30/target/apidocs/org/opengis/cite/cat30/basic/package-frame.html...
Generating /Users/lbermudez/Documents/Dropbox/github/ets-cat30/target/apidocs/org/opengis/cite/cat30/basic/package-summary.html...
Generating /Users/lbermudez/Documents/Dropbox/github/ets-cat30/target/apidocs/org/opengis/cite/cat30/basic/package-tree.html...
Generating /Users/lbermudez/Documents/Dropbox/github/ets-cat30/target/apidocs/org/opengis/cite/cat30/opensearch/package-frame.html...
Generating /Users/lbermudez/Documents/Dropbox/github/ets-cat30/target/apidocs/org/opengis/cite/cat30/opensearch/package-summary.html...
Generating /Users/lbermudez/Documents/Dropbox/github/ets-cat30/target/apidocs/org/opengis/cite/cat30/opensearch/package-tree.html...
Generating /Users/lbermudez/Documents/Dropbox/github/ets-cat30/target/apidocs/org/opengis/cite/cat30/util/package-frame.html...
Generating /Users/lbermudez/Documents/Dropbox/github/ets-cat30/target/apidocs/org/opengis/cite/cat30/util/package-summary.html...
Generating /Users/lbermudez/Documents/Dropbox/github/ets-cat30/target/apidocs/org/opengis/cite/cat30/util/package-tree.html...
Generating /Users/lbermudez/Documents/Dropbox/github/ets-cat30/target/apidocs/constant-values.html...
Generating /Users/lbermudez/Documents/Dropbox/github/ets-cat30/target/apidocs/org/opengis/cite/cat30/basic/class-use/SuitePreconditions.html...
Generating /Users/lbermudez/Documents/Dropbox/github/ets-cat30/target/apidocs/org/opengis/cite/cat30/basic/class-use/GetRecordByIdTests.html...
Generating /Users/lbermudez/Documents/Dropbox/github/ets-cat30/target/apidocs/org/opengis/cite/cat30/basic/class-use/GetCapabilitiesTests.html...
Generating /Users/lbermudez/Documents/Dropbox/github/ets-cat30/target/apidocs/org/opengis/cite/cat30/basic/class-use/BasicSearchTests.html...
Generating /Users/lbermudez/Documents/Dropbox/github/ets-cat30/target/apidocs/org/opengis/cite/cat30/basic/class-use/BasicGetRecordsTests.html...
Generating /Users/lbermudez/Documents/Dropbox/github/ets-cat30/target/apidocs/org/opengis/cite/cat30/class-use/TestRunListener.html...
Generating /Users/lbermudez/Documents/Dropbox/github/ets-cat30/target/apidocs/org/opengis/cite/cat30/class-use/TestRunArguments.html...
Generating /Users/lbermudez/Documents/Dropbox/github/ets-cat30/target/apidocs/org/opengis/cite/cat30/class-use/TestRunArg.html...
Generating /Users/lbermudez/Documents/Dropbox/github/ets-cat30/target/apidocs/org/opengis/cite/cat30/class-use/TestNGController.html...
Generating /Users/lbermudez/Documents/Dropbox/github/ets-cat30/target/apidocs/org/opengis/cite/cat30/class-use/TestFailureListener.html...
Generating /Users/lbermudez/Documents/Dropbox/github/ets-cat30/target/apidocs/org/opengis/cite/cat30/class-use/SuiteFixtureListener.html...
Generating /Users/lbermudez/Documents/Dropbox/github/ets-cat30/target/apidocs/org/opengis/cite/cat30/class-use/SuiteAttribute.html...
Generating /Users/lbermudez/Documents/Dropbox/github/ets-cat30/target/apidocs/org/opengis/cite/cat30/class-use/ReusableEntityFilter.html...
Generating /Users/lbermudez/Documents/Dropbox/github/ets-cat30/target/apidocs/org/opengis/cite/cat30/class-use/Namespaces.html...
Generating /Users/lbermudez/Documents/Dropbox/github/ets-cat30/target/apidocs/org/opengis/cite/cat30/class-use/ETSAssert.html...
Generating /Users/lbermudez/Documents/Dropbox/github/ets-cat30/target/apidocs/org/opengis/cite/cat30/class-use/ErrorMessageKeys.html...
Generating /Users/lbermudez/Documents/Dropbox/github/ets-cat30/target/apidocs/org/opengis/cite/cat30/class-use/ErrorMessage.html...
Generating /Users/lbermudez/Documents/Dropbox/github/ets-cat30/target/apidocs/org/opengis/cite/cat30/class-use/CommonFixture.html...
Generating /Users/lbermudez/Documents/Dropbox/github/ets-cat30/target/apidocs/org/opengis/cite/cat30/class-use/CAT3.html...
Generating /Users/lbermudez/Documents/Dropbox/github/ets-cat30/target/apidocs/org/opengis/cite/cat30/opensearch/class-use/TemplateParamInfo.html...
Generating /Users/lbermudez/Documents/Dropbox/github/ets-cat30/target/apidocs/org/opengis/cite/cat30/opensearch/class-use/OpenSearchPreconditions.html...
Generating /Users/lbermudez/Documents/Dropbox/github/ets-cat30/target/apidocs/org/opengis/cite/cat30/opensearch/class-use/OpenSearchGeoTests.html...
Generating /Users/lbermudez/Documents/Dropbox/github/ets-cat30/target/apidocs/org/opengis/cite/cat30/opensearch/class-use/OpenSearchDescriptionTests.html...
Generating /Users/lbermudez/Documents/Dropbox/github/ets-cat30/target/apidocs/org/opengis/cite/cat30/opensearch/class-use/OpenSearchCoreTests.html...
Generating /Users/lbermudez/Documents/Dropbox/github/ets-cat30/target/apidocs/org/opengis/cite/cat30/util/class-use/XMLUtils.html...
Generating /Users/lbermudez/Documents/Dropbox/github/ets-cat30/target/apidocs/org/opengis/cite/cat30/util/class-use/ValidationUtils.html...
Generating /Users/lbermudez/Documents/Dropbox/github/ets-cat30/target/apidocs/org/opengis/cite/cat30/util/class-use/URIUtils.html...
Generating /Users/lbermudez/Documents/Dropbox/github/ets-cat30/target/apidocs/org/opengis/cite/cat30/util/class-use/TestSuiteLogger.html...
Generating /Users/lbermudez/Documents/Dropbox/github/ets-cat30/target/apidocs/org/opengis/cite/cat30/util/class-use/SpatialUtils.html...
Generating /Users/lbermudez/Documents/Dropbox/github/ets-cat30/target/apidocs/org/opengis/cite/cat30/util/class-use/ServiceMetadataUtils.html...
Generating /Users/lbermudez/Documents/Dropbox/github/ets-cat30/target/apidocs/org/opengis/cite/cat30/util/class-use/Records.html...
Generating /Users/lbermudez/Documents/Dropbox/github/ets-cat30/target/apidocs/org/opengis/cite/cat30/util/class-use/OpenSearchTemplateUtils.html...
Generating /Users/lbermudez/Documents/Dropbox/github/ets-cat30/target/apidocs/org/opengis/cite/cat30/util/class-use/NamespaceBindings.html...
Generating /Users/lbermudez/Documents/Dropbox/github/ets-cat30/target/apidocs/org/opengis/cite/cat30/util/class-use/DatasetInfo.html...
Generating /Users/lbermudez/Documents/Dropbox/github/ets-cat30/target/apidocs/org/opengis/cite/cat30/util/class-use/CSWClient.html...
Generating /Users/lbermudez/Documents/Dropbox/github/ets-cat30/target/apidocs/org/opengis/cite/cat30/util/class-use/ClientUtils.html...
Generating /Users/lbermudez/Documents/Dropbox/github/ets-cat30/target/apidocs/org/opengis/cite/cat30/package-use.html...
Generating /Users/lbermudez/Documents/Dropbox/github/ets-cat30/target/apidocs/org/opengis/cite/cat30/basic/package-use.html...
Generating /Users/lbermudez/Documents/Dropbox/github/ets-cat30/target/apidocs/org/opengis/cite/cat30/opensearch/package-use.html...
Generating /Users/lbermudez/Documents/Dropbox/github/ets-cat30/target/apidocs/org/opengis/cite/cat30/util/package-use.html...
Building index for all the packages and classes...
Generating /Users/lbermudez/Documents/Dropbox/github/ets-cat30/target/apidocs/overview-tree.html...
Generating /Users/lbermudez/Documents/Dropbox/github/ets-cat30/target/apidocs/index-all.html...
Generating /Users/lbermudez/Documents/Dropbox/github/ets-cat30/target/apidocs/deprecated-list.html...
Building index for all classes...
Generating /Users/lbermudez/Documents/Dropbox/github/ets-cat30/target/apidocs/allclasses-frame.html...
Generating /Users/lbermudez/Documents/Dropbox/github/ets-cat30/target/apidocs/allclasses-noframe.html...
Generating /Users/lbermudez/Documents/Dropbox/github/ets-cat30/target/apidocs/index.html...
Generating /Users/lbermudez/Documents/Dropbox/github/ets-cat30/target/apidocs/overview-summary.html...
Generating /Users/lbermudez/Documents/Dropbox/github/ets-cat30/target/apidocs/help-doc.html...
[INFO] Building jar: /Users/lbermudez/Documents/Dropbox/github/ets-cat30/target/ets-cat30-1.1-SNAPSHOT-javadoc.jar
[INFO] 
[INFO] --- maven-assembly-plugin:2.6:single (default) @ ets-cat30 ---
[INFO] Reading assembly descriptor: /Users/lbermudez/Documents/Dropbox/github/ets-cat30/src/assembly/deps.xml
[INFO] Reading assembly descriptor: /Users/lbermudez/Documents/Dropbox/github/ets-cat30/src/assembly/ctl-scripts.xml
[INFO] Adding site directory to assembly : /Users/lbermudez/Documents/Dropbox/github/ets-cat30/target/site
[INFO] Reading assembly descriptor: /Users/lbermudez/Documents/Dropbox/github/ets-cat30/src/assembly/aio.xml
[INFO] Building zip: /Users/lbermudez/Documents/Dropbox/github/ets-cat30/target/ets-cat30-1.1-SNAPSHOT-deps.zip
[INFO] Building tar: /Users/lbermudez/Documents/Dropbox/github/ets-cat30/target/ets-cat30-1.1-SNAPSHOT-deps.tar.gz
[WARNING] The assembly descriptor contains a filesystem-root relative reference, which is not cross platform compatible /site
[INFO] Building zip: /Users/lbermudez/Documents/Dropbox/github/ets-cat30/target/ets-cat30-1.1-SNAPSHOT-ctl.zip
[INFO] Building jar: /Users/lbermudez/Documents/Dropbox/github/ets-cat30/target/ets-cat30-1.1-SNAPSHOT-aio.jar
[INFO] 
[INFO] --- maven-install-plugin:2.4:install (default-install) @ ets-cat30 ---
[INFO] Installing /Users/lbermudez/Documents/Dropbox/github/ets-cat30/target/ets-cat30-1.1-SNAPSHOT.jar to /Users/lbermudez/.m2/repository/org/opengis/cite/ets-cat30/1.1-SNAPSHOT/ets-cat30-1.1-SNAPSHOT.jar
[INFO] Installing /Users/lbermudez/Documents/Dropbox/github/ets-cat30/pom.xml to /Users/lbermudez/.m2/repository/org/opengis/cite/ets-cat30/1.1-SNAPSHOT/ets-cat30-1.1-SNAPSHOT.pom
[INFO] Installing /Users/lbermudez/Documents/Dropbox/github/ets-cat30/target/ets-cat30-1.1-SNAPSHOT-site.jar to /Users/lbermudez/.m2/repository/org/opengis/cite/ets-cat30/1.1-SNAPSHOT/ets-cat30-1.1-SNAPSHOT-site.jar
[INFO] Installing /Users/lbermudez/Documents/Dropbox/github/ets-cat30/target/ets-cat30-1.1-SNAPSHOT-javadoc.jar to /Users/lbermudez/.m2/repository/org/opengis/cite/ets-cat30/1.1-SNAPSHOT/ets-cat30-1.1-SNAPSHOT-javadoc.jar
[INFO] Installing /Users/lbermudez/Documents/Dropbox/github/ets-cat30/target/ets-cat30-1.1-SNAPSHOT-deps.zip to /Users/lbermudez/.m2/repository/org/opengis/cite/ets-cat30/1.1-SNAPSHOT/ets-cat30-1.1-SNAPSHOT-deps.zip
[INFO] Installing /Users/lbermudez/Documents/Dropbox/github/ets-cat30/target/ets-cat30-1.1-SNAPSHOT-deps.tar.gz to /Users/lbermudez/.m2/repository/org/opengis/cite/ets-cat30/1.1-SNAPSHOT/ets-cat30-1.1-SNAPSHOT-deps.tar.gz
[INFO] Installing /Users/lbermudez/Documents/Dropbox/github/ets-cat30/target/ets-cat30-1.1-SNAPSHOT-ctl.zip to /Users/lbermudez/.m2/repository/org/opengis/cite/ets-cat30/1.1-SNAPSHOT/ets-cat30-1.1-SNAPSHOT-ctl.zip
[INFO] Installing /Users/lbermudez/Documents/Dropbox/github/ets-cat30/target/ets-cat30-1.1-SNAPSHOT-aio.jar to /Users/lbermudez/.m2/repository/org/opengis/cite/ets-cat30/1.1-SNAPSHOT/ets-cat30-1.1-SNAPSHOT-aio.jar
[INFO] ------------------------------------------------------------------------
[INFO] BUILD SUCCESS
[INFO] ------------------------------------------------------------------------
[INFO] Total time: 19.591 s
[INFO] Finished at: 2017-01-05T15:18:17-05:00
[INFO] Final Memory: 93M/738M
[INFO] ------------------------------------------------------------------------
